<?xml version="1.0" encoding="UTF-8"?>
<testsuite xmlns:xsi="http://www.w3.org/2001/XMLSchema-instance" xsi:schemaLocation="https://maven.apache.org/surefire/maven-surefire-plugin/xsd/surefire-test-report.xsd" name="TestContactPage" time="127.643" tests="6" errors="0" skipped="0" failures="0">
  <properties>
[...]
</properties>
  <testcase name="cancelButtonFunctionality[0]" classname="TestContactPage" time="12.205"/>
  <testcase name="succesfullContactForm[0]" classname="TestContactPage" time="32.553"/>
  <testcase name="ContactInvalidCredentials[0]" classname="TestContactPage" time="31.49"/>
  <testcase name="contactElements[0]" classname="TestContactPage" time="30.049"/>
  <testcase name="ContactEmptyFields[0]" classname="TestContactPage" time="11.88"/>
  <testcase name="contactButtonFunctionality[0]" classname="TestContactPage" time="9.011"/>
</testsuite>