<?xml version="1.0" encoding="UTF-8"?><testsuite errors="1" failures="0" name="TestContactPage" skipped="0" tests="6" time="24.22" timestamp="2018-12-348 07:09:47"><testcase classname="TestContactPage" name="Contact form invalid credentials"/><testcase classname="TestContactPage" name="Contact form empty fields"/><testcase classname="TestContactPage" name="Contact - Cancel button functionalityZ"/><testcase classname="TestContactPage" name="Contact functionality"/><testcase classname="TestContactPage" name="Contact Elements"><error message="unknown error: Element &lt;a class=&quot;nav-link&quot; data-toggle=&quot;modal&quot; data-target=&quot;#exampleModal&quot; href=&quot;#&quot;&gt;...&lt;/a&gt; is not clickable at point (942, 38). Other element would receive the click: &lt;div class=&quot;modal-header&quot;&gt;...&lt;/div&gt;&#10;  (Session info: chrome=71.0.3578.98)&#10;  (Driver info: chromedriver=2.45.615291 (ec3682e3c9061c10f26ea9e5cdcf3c53f3f74387),platform=Windows NT 10.0.17134 x86_64) (WARNING: The server did not provide any stacktrace information)&#10;Command duration or timeout: 104 milliseconds&#10;Build info: version: '2.53.1', revision: 'a36b8b1cd5757287168e54b817830adce9b0158d', time: '2016-06-30 19:26:09'&#10;System info: host: 'DESKTOP-ASL910K', ip: '192.168.0.102', os.name: 'Windows 10', os.arch: 'amd64', os.version: '10.0', java.version: '1.8.0_162'&#10;Driver info: org.openqa.selenium.remote.RemoteWebDriver&#10;Capabilities [{mobileEmulationEnabled=false, timeouts={implicit=0, pageLoad=300000, script=30000}, hasTouchScreen=false, platform=XP, acceptSslCerts=false, goog:chromeOptions={debuggerAddress=localhost:53765}, acceptInsecureCerts=false, webStorageEnabled=true, browserName=chrome, takesScreenshot=true, javascriptEnabled=true, setWindowRect=true, unexpectedAlertBehaviour=ignore, applicationCacheEnabled=false, rotatable=false, networkConnectionEnabled=false, chrome={chromedriverVersion=2.45.615291 (ec3682e3c9061c10f26ea9e5cdcf3c53f3f74387), userDataDir=C:\Users\Marius\AppData\Local\Temp\scoped_dir9616_30528}, takesHeapSnapshot=true, pageLoadStrategy=normal, strictFileInteractability=false, databaseEnabled=false, handlesAlerts=true, version=71.0.3578.98, browserConnectionEnabled=false, proxy={}, nativeEvents=true, locationContextEnabled=true, cssSelectorsEnabled=true}]&#10;Session ID: 1a331508d29b9f67084ad8ccc8772b18&#10;Build info: version: '2.53.1', revision: 'a36b8b1cd5757287168e54b817830adce9b0158d', time: '2016-06-30 19:26:09'&#10;System info: host: 'DESKTOP-ASL910K', ip: '192.168.0.102', os.name: 'Windows 10', os.arch: 'amd64', os.version: '10.0', java.version: '1.8.0_162'&#10;Driver info: driver.version: unknown&#10;Build info: version: '2.53.1', revision: 'a36b8b1cd5757287168e54b817830adce9b0158d', time: '2016-06-30 19:26:09'&#10;System info: host: 'DESKTOP-ASL910K', ip: '192.168.0.102', os.name: 'Windows 10', os.arch: 'amd64', os.version: '10.0', java.version: '1.8.0_162'&#10;Driver info: driver.version: unknown" type="org.openqa.selenium.WebDriverException">unknown error: Element &lt;a class="nav-link" data-toggle="modal" data-target="#exampleModal" href="#"&gt;...&lt;/a&gt; is not clickable at point (942, 38). Other element would receive the click: &lt;div class="modal-header"&gt;...&lt;/div&gt;
  (Session info: chrome=71.0.3578.98)
  (Driver info: chromedriver=2.45.615291 (ec3682e3c9061c10f26ea9e5cdcf3c53f3f74387),platform=Windows NT 10.0.17134 x86_64) (WARNING: The server did not provide any stacktrace information)
Command duration or timeout: 104 milliseconds
Build info: version: '2.53.1', revision: 'a36b8b1cd5757287168e54b817830adce9b0158d', time: '2016-06-30 19:26:09'
System info: host: 'DESKTOP-ASL910K', ip: '192.168.0.102', os.name: 'Windows 10', os.arch: 'amd64', os.version: '10.0', java.version: '1.8.0_162'
Driver info: org.openqa.selenium.remote.RemoteWebDriver
Capabilities [{mobileEmulationEnabled=false, timeouts={implicit=0, pageLoad=300000, script=30000}, hasTouchScreen=false, platform=XP, acceptSslCerts=false, goog:chromeOptions={debuggerAddress=localhost:53765}, acceptInsecureCerts=false, webStorageEnabled=true, browserName=chrome, takesScreenshot=true, javascriptEnabled=true, setWindowRect=true, unexpectedAlertBehaviour=ignore, applicationCacheEnabled=false, rotatable=false, networkConnectionEnabled=false, chrome={chromedriverVersion=2.45.615291 (ec3682e3c9061c10f26ea9e5cdcf3c53f3f74387), userDataDir=C:\Users\Marius\AppData\Local\Temp\scoped_dir9616_30528}, takesHeapSnapshot=true, pageLoadStrategy=normal, strictFileInteractability=false, databaseEnabled=false, handlesAlerts=true, version=71.0.3578.98, browserConnectionEnabled=false, proxy={}, nativeEvents=true, locationContextEnabled=true, cssSelectorsEnabled=true}]
Session ID: 1a331508d29b9f67084ad8ccc8772b18
Build info: version: '2.53.1', revision: 'a36b8b1cd5757287168e54b817830adce9b0158d', time: '2016-06-30 19:26:09'
System info: host: 'DESKTOP-ASL910K', ip: '192.168.0.102', os.name: 'Windows 10', os.arch: 'amd64', os.version: '10.0', java.version: '1.8.0_162'
Driver info: driver.version: unknown
Build info: version: '2.53.1', revision: 'a36b8b1cd5757287168e54b817830adce9b0158d', time: '2016-06-30 19:26:09'
System info: host: 'DESKTOP-ASL910K', ip: '192.168.0.102', os.name: 'Windows 10', os.arch: 'amd64', os.version: '10.0', java.version: '1.8.0_162'
Driver info: driver.version: unknown</error><system-err>unknown error: Element &lt;a class="nav-link" data-toggle="modal" data-target="#exampleModal" href="#"&gt;...&lt;/a&gt; is not clickable at point (942, 38). Other element would receive the click: &lt;div class="modal-header"&gt;...&lt;/div&gt;
  (Session info: chrome=71.0.3578.98)
  (Driver info: chromedriver=2.45.615291 (ec3682e3c9061c10f26ea9e5cdcf3c53f3f74387),platform=Windows NT 10.0.17134 x86_64) (WARNING: The server did not provide any stacktrace information)
Command duration or timeout: 104 milliseconds
Build info: version: '2.53.1', revision: 'a36b8b1cd5757287168e54b817830adce9b0158d', time: '2016-06-30 19:26:09'
System info: host: 'DESKTOP-ASL910K', ip: '192.168.0.102', os.name: 'Windows 10', os.arch: 'amd64', os.version: '10.0', java.version: '1.8.0_162'
Driver info: org.openqa.selenium.remote.RemoteWebDriver
Capabilities [{mobileEmulationEnabled=false, timeouts={implicit=0, pageLoad=300000, script=30000}, hasTouchScreen=false, platform=XP, acceptSslCerts=false, goog:chromeOptions={debuggerAddress=localhost:53765}, acceptInsecureCerts=false, webStorageEnabled=true, browserName=chrome, takesScreenshot=true, javascriptEnabled=true, setWindowRect=true, unexpectedAlertBehaviour=ignore, applicationCacheEnabled=false, rotatable=false, networkConnectionEnabled=false, chrome={chromedriverVersion=2.45.615291 (ec3682e3c9061c10f26ea9e5cdcf3c53f3f74387), userDataDir=C:\Users\Marius\AppData\Local\Temp\scoped_dir9616_30528}, takesHeapSnapshot=true, pageLoadStrategy=normal, strictFileInteractability=false, databaseEnabled=false, handlesAlerts=true, version=71.0.3578.98, browserConnectionEnabled=false, proxy={}, nativeEvents=true, locationContextEnabled=true, cssSelectorsEnabled=true}]
Session ID: 1a331508d29b9f67084ad8ccc8772b18
Build info: version: '2.53.1', revision: 'a36b8b1cd5757287168e54b817830adce9b0158d', time: '2016-06-30 19:26:09'
System info: host: 'DESKTOP-ASL910K', ip: '192.168.0.102', os.name: 'Windows 10', os.arch: 'amd64', os.version: '10.0', java.version: '1.8.0_162'
Driver info: driver.version: unknown
Build info: version: '2.53.1', revision: 'a36b8b1cd5757287168e54b817830adce9b0158d', time: '2016-06-30 19:26:09'
System info: host: 'DESKTOP-ASL910K', ip: '192.168.0.102', os.name: 'Windows 10', os.arch: 'amd64', os.version: '10.0', java.version: '1.8.0_162'
Driver info: driver.version: unknown&#13;
common.Helper.click(Helper.java:12)&#13;
common.Helper.clickAndAssert(Helper.java:16)&#13;
pages.ContactPage.contactElements(ContactPage.java:45)&#13;
steps.ContactPageSteps.contactElements(ContactPageSteps.java:20)&#13;
TestContactPage.contactElements(TestContactPage.java:63)&#13;
</system-err></testcase><testcase classname="TestContactPage" name="Contact Form"/></testsuite>