<?xml version="1.0" encoding="UTF-8"?><testsuite errors="1" failures="0" name="TestPlaceOrder" skipped="0" tests="1" time="3.97" timestamp="2018-10-297 06:04:59"><testcase classname="TestPlaceOrder" name="Successful order placement"><error message="Unexpected result for screenshot command: com.google.common.collect.Maps$TransformedEntriesMap instance" type="java.lang.RuntimeException">Unexpected result for screenshot command: com.google.common.collect.Maps$TransformedEntriesMap instance</error><system-err>Unexpected result for screenshot command: com.google.common.collect.Maps$TransformedEntriesMap instance&#13;
TestPlaceOrder.successfulOrder(TestPlaceOrder.java:51)&#13;
</system-err></testcase></testsuite>