<?xml version="1.0" encoding="UTF-8"?><testsuite errors="0" failures="0" name="TestLoginLogout" skipped="0" tests="7" time="66.58" timestamp="2018-11-314 07:14:46"><testcase classname="TestLoginLogout" name="Invalid credentials (valid username and password with a space afterwards)"/><testcase classname="TestLoginLogout" name="Empty field for username"/><testcase classname="TestLoginLogout" name="Login button functionality and elements are present"/><testcase classname="TestLoginLogout" name="Succesfull login"/><testcase classname="TestLoginLogout" name="Empty field for password"/><testcase classname="TestLoginLogout" name="Empty fields login"/><testcase classname="TestLoginLogout" name="Invalid credentials (invalid username and password credentials)"/></testsuite>