<?xml version="1.0" encoding="UTF-8"?><testsuite errors="0" failures="0" name="TestSignUp" skipped="0" tests="8" time="31.42" timestamp="2018-08-221 09:29:25"><testcase classname="TestSignUp" name="Sign up username with valid credentials and empty password field"/><testcase classname="TestSignUp" name="Invalid credentials (special characters for username and password"/><testcase classname="TestSignUp" name="Empty field for username and valid credentials for password"/><testcase classname="TestSignUp" name="Sign up empty fields"/><testcase classname="TestSignUp" name="Test 8: Invalid credentials (valid username and password and a blank space)"/><testcase classname="TestSignUp" name="Sign Up functionality"/><testcase classname="TestSignUp" name="Empty field for username and valid credentials for password"/><testcase classname="TestSignUp" name="Test 7: Invalid credentials (select space to put blank space for username and password )"/></testsuite>