<?xml version="1.0" encoding="UTF-8"?><testsuite errors="11" failures="0" name="TestSignUp" skipped="0" tests="11" time="0.11" timestamp="2018-08-224 05:21:53"><testcase classname="TestSignUp" name="Invalid credentials (special characters for username and password"><error type="java.lang.NullPointerException"/><system-err>null&#13;
TestSignUp.setupBrowser(TestSignUp.java:33)&#13;
</system-err></testcase><testcase classname="TestSignUp" name="Invalid credentials (lowercase credentials for password"><error type="java.lang.NullPointerException"/><system-err>null&#13;
TestSignUp.setupBrowser(TestSignUp.java:33)&#13;
</system-err></testcase><testcase classname="TestSignUp" name="Sign up empty fields"><error type="java.lang.NullPointerException"/><system-err>null&#13;
TestSignUp.setupBrowser(TestSignUp.java:33)&#13;
</system-err></testcase><testcase classname="TestSignUp" name="Username and Password text is present"><error type="java.lang.NullPointerException"/><system-err>null&#13;
TestSignUp.setupBrowser(TestSignUp.java:33)&#13;
</system-err></testcase><testcase classname="TestSignUp" name="Sign up username with valid credentials and empty password field"><error type="java.lang.NullPointerException"/><system-err>null&#13;
TestSignUp.setupBrowser(TestSignUp.java:33)&#13;
</system-err></testcase><testcase classname="TestSignUp" name="Sign Up functionality"><error type="java.lang.NullPointerException"/><system-err>null&#13;
TestSignUp.setupBrowser(TestSignUp.java:33)&#13;
</system-err></testcase><testcase classname="TestSignUp" name="Empty field for username and valid credentials for password"><error type="java.lang.NullPointerException"/><system-err>null&#13;
TestSignUp.setupBrowser(TestSignUp.java:33)&#13;
</system-err></testcase><testcase classname="TestSignUp" name="Invalid credentials (uppercase credentials for password"><error type="java.lang.NullPointerException"/><system-err>null&#13;
TestSignUp.setupBrowser(TestSignUp.java:33)&#13;
</system-err></testcase><testcase classname="TestSignUp" name="Invalid credentials (select space to put blank space for username and password )"><error type="java.lang.NullPointerException"/><system-err>null&#13;
TestSignUp.setupBrowser(TestSignUp.java:33)&#13;
</system-err></testcase><testcase classname="TestSignUp" name="Invalid credentials (valid username and password and a blank space)"><error type="java.lang.NullPointerException"/><system-err>null&#13;
TestSignUp.setupBrowser(TestSignUp.java:33)&#13;
</system-err></testcase><testcase classname="TestSignUp" name="Empty field for username and valid credentials for password"><error type="java.lang.NullPointerException"/><system-err>null&#13;
TestSignUp.setupBrowser(TestSignUp.java:33)&#13;
</system-err></testcase></testsuite>