<?xml version="1.0" encoding="UTF-8"?><testsuite errors="1" failures="0" name="TestAboutUsPage" skipped="0" tests="1" time="5.59" timestamp="2018-12-357 08:43:09"><testcase classname="TestAboutUsPage" name="About Us X button functionality"><error message="Must provide a location for a move action." type="java.lang.IllegalArgumentException">Must provide a location for a move action.</error><system-err>Must provide a location for a move action.&#13;
TestAboutUsPage.aboutUsXButtonFunctionality(TestAboutUsPage.java:69)&#13;
</system-err></testcase></testsuite>