<?xml version="1.0" encoding="UTF-8"?><testsuite errors="0" failures="0" name="TestSignUp" skipped="0" tests="5" time="20.61" timestamp="2018-08-218 09:04:49"><testcase classname="TestSignUp" name="Sign up empty fields"/><testcase classname="TestSignUp" name="Sign Up functionality"/><testcase classname="TestSignUp" name="Empty field for username and valid credentials for password"/><testcase classname="TestSignUp" name="Empty field for username and valid credentials for password"/><testcase classname="TestSignUp" name="Sign up username with valid credentials and empty password field"/></testsuite>