<?xml version="1.0" encoding="UTF-8"?><testsuite errors="0" failures="0" name="TestLoginLogout" skipped="0" tests="6" time="49.55" timestamp="2018-08-228 04:41:09"><testcase classname="TestLoginLogout" name="Empty field for username"/><testcase classname="TestLoginLogout" name="Login button functionality and elements are present"/><testcase classname="TestLoginLogout" name="Succesfull login"/><testcase classname="TestLoginLogout" name="Empty field for password"/><testcase classname="TestLoginLogout" name="Empty fields login"/><testcase classname="TestLoginLogout" name="Invalid credentials (invalid username and password credentials)"/></testsuite>