<?xml version="1.0" encoding="UTF-8"?><testsuite errors="0" failures="0" name="TestLogin" skipped="0" tests="6" time="51.72" timestamp="2018-08-228 04:33:51"><testcase classname="TestLogin" name="Empty field for username"/><testcase classname="TestLogin" name="Login button functionality and elements are present"/><testcase classname="TestLogin" name="Succesfull login"/><testcase classname="TestLogin" name="Empty field for password"/><testcase classname="TestLogin" name="Empty fields login"/><testcase classname="TestLogin" name="Invalid credentials (invalid username and password credentials)"/></testsuite>