<?xml version="1.0" encoding="UTF-8"?><testsuite errors="3" failures="0" name="TestAboutUsPage" skipped="0" tests="3" time="3.07" timestamp="2018-09-269 07:31:24"><testcase classname="TestAboutUsPage" name="About Us button functionality"><error message="Unexpected result for screenshot command: com.google.common.collect.Maps$TransformedEntriesMap instance" type="java.lang.RuntimeException">Unexpected result for screenshot command: com.google.common.collect.Maps$TransformedEntriesMap instance</error><system-err>Unexpected result for screenshot command: com.google.common.collect.Maps$TransformedEntriesMap instance&#13;
TestAboutUsPage.aboutUsFlowFunctionality(TestAboutUsPage.java:51)&#13;
</system-err></testcase><testcase classname="TestAboutUsPage" name="About Us Close button functionality"><error message="Unexpected result for screenshot command: com.google.common.collect.Maps$TransformedEntriesMap instance" type="java.lang.RuntimeException">Unexpected result for screenshot command: com.google.common.collect.Maps$TransformedEntriesMap instance</error><system-err>Unexpected result for screenshot command: com.google.common.collect.Maps$TransformedEntriesMap instance&#13;
TestAboutUsPage.aboutUsCloseButtonFunctionality(TestAboutUsPage.java:69)&#13;
</system-err></testcase><testcase classname="TestAboutUsPage" name="About Us X button functionality"><error message="Unexpected result for screenshot command: com.google.common.collect.Maps$TransformedEntriesMap instance" type="java.lang.RuntimeException">Unexpected result for screenshot command: com.google.common.collect.Maps$TransformedEntriesMap instance</error><system-err>Unexpected result for screenshot command: com.google.common.collect.Maps$TransformedEntriesMap instance&#13;
TestAboutUsPage.aboutUsXButtonFunctionality(TestAboutUsPage.java:60)&#13;
</system-err></testcase></testsuite>